<?xml version="1.0" encoding="UTF-8"?>
<!-- Generated by org.testng.reporters.JUnitReportReporter -->
<testsuite hostname="LAPTOP-IM11D1QI" failures="0" tests="1" name="hust.cs.javacourse.search.parse.LengthTermTupleFilterTest" time="0.000" errors="0" timestamp="28 2月 2024 12:11:14 GMT" skipped="1">
  <testcase classname="hust.cs.javacourse.search.parse.LengthTermTupleFilterTest" name="testNext" time="0.000">
    <skipped/>
  </testcase> <!-- testNext -->
</testsuite> <!-- hust.cs.javacourse.search.parse.LengthTermTupleFilterTest -->
