<?xml version="1.0" encoding="UTF-8"?>
<!-- Generated by org.testng.reporters.JUnitReportReporter -->
<testsuite hostname="LAPTOP-IM11D1QI" failures="0" tests="9" name="hust.cs.javacourse.search.query.HitTest" time="0.000" errors="0" timestamp="28 2月 2024 12:11:14 GMT" skipped="9">
  <testcase classname="hust.cs.javacourse.search.query.HitTest" name="testGetScore" time="0.000">
    <skipped/>
  </testcase> <!-- testGetScore -->
  <testcase classname="hust.cs.javacourse.search.query.HitTest" name="testTestToString" time="0.000">
    <skipped/>
  </testcase> <!-- testTestToString -->
  <testcase classname="hust.cs.javacourse.search.query.HitTest" name="testGetTermPostingMapping" time="0.000">
    <skipped/>
  </testcase> <!-- testGetTermPostingMapping -->
  <testcase classname="hust.cs.javacourse.search.query.HitTest" name="testSetScore" time="0.000">
    <skipped/>
  </testcase> <!-- testSetScore -->
  <testcase classname="hust.cs.javacourse.search.query.HitTest" name="testGetDocPath" time="0.000">
    <skipped/>
  </testcase> <!-- testGetDocPath -->
  <testcase classname="hust.cs.javacourse.search.query.HitTest" name="testCompareTo" time="0.000">
    <skipped/>
  </testcase> <!-- testCompareTo -->
  <testcase classname="hust.cs.javacourse.search.query.HitTest" name="testGetDocId" time="0.000">
    <skipped/>
  </testcase> <!-- testGetDocId -->
  <testcase classname="hust.cs.javacourse.search.query.HitTest" name="testGetContent" time="0.000">
    <skipped/>
  </testcase> <!-- testGetContent -->
  <testcase classname="hust.cs.javacourse.search.query.HitTest" name="testSetContent" time="0.000">
    <skipped/>
  </testcase> <!-- testSetContent -->
</testsuite> <!-- hust.cs.javacourse.search.query.HitTest -->
